# JRE version: OpenJDK Runtime Environment GraalVM CE 22.3.0 (17.0.5+8) (build 17.0.5+8-jvmci-22.3-b08)
# Java VM: OpenJDK 64-Bit Server VM GraalVM CE 22.3.0 (17.0.5+8-jvmci-22.3-b08, mixed mode, sharing, tiered, jvmci, jvmci compiler, compressed oops, compressed class ptrs, parallel gc, linux-amd64)
GC Precious Log:
 CPUs: 8 total, 1 available
 Memory: 1024M
 Large Page Support: Disabled
 NUMA Support: Disabled
 Compressed Oops: Enabled (32-bit)
 Alignments: Space 512K, Generation 512K, Heap 2M
 Heap Min Capacity: 100M
 Heap Initial Capacity: 100M
 Heap Max Capacity: 512M
 Pre-touch: Disabled
 Parallel Workers: 1
Heap:
 PSYoungGen      total 37888K, used 25087K [0x00000000f5580000, 0x00000000f8b00000, 0x0000000100000000)
  eden space 25088K, 99% used [0x00000000f5580000,0x00000000f6dffff8,0x00000000f6e00000)
  from space 12800K, 0% used [0x00000000f7e80000,0x00000000f7e80000,0x00000000f8b00000)
  to   space 9216K, 0% used [0x00000000f6e00000,0x00000000f6e00000,0x00000000f7700000)
 ParOldGen       total 349696K, used 349695K [0x00000000e0000000, 0x00000000f5580000, 0x00000000f5580000)
  object space 349696K, 99% used [0x00000000e0000000,0x00000000f557fff0,0x00000000f5580000)
 Metaspace       used 64330K, committed 65408K, reserved 1114112K
  class space    used 6317K, committed 6784K, reserved 1048576K
GC Heap History (20 events):
Event: 1077.377 GC heap before
{Heap before GC invocations=798 (full 662):
 PSYoungGen      total 37888K, used 25088K [0x00000000f5580000, 0x00000000f8b00000, 0x0000000100000000)
  eden space 25088K, 100% used [0x00000000f5580000,0x00000000f6e00000,0x00000000f6e00000)
  from space 12800K, 0% used [0x00000000f7e80000,0x00000000f7e80000,0x00000000f8b00000)
  to   space 9216K, 0% used [0x00000000f6e00000,0x00000000f6e00000,0x00000000f7700000)
 ParOldGen       total 349696K, used 349696K [0x00000000e0000000, 0x00000000f5580000, 0x00000000f5580000)
  object space 349696K, 100% used [0x00000000e0000000,0x00000000f5580000,0x00000000f5580000)
 Metaspace       used 64330K, committed 65408K, reserved 1114112K
  class space    used 6317K, committed 6784K, reserved 1048576K
}
Event: 1079.088 GC heap after
{Heap after GC invocations=798 (full 662):
 PSYoungGen      total 34304K, used 25088K [0x00000000f5580000, 0x00000000f8b00000, 0x0000000100000000)
  eden space 25088K, 100% used [0x00000000f5580000,0x00000000f6e00000,0x00000000f6e00000)
  from space 9216K, 0% used [0x00000000f6e00000,0x00000000f6e00000,0x00000000f7700000)
  to   space 12800K, 0% used [0x00000000f7e80000,0x00000000f7e80000,0x00000000f8b00000)
 ParOldGen       total 349696K, used 349696K [0x00000000e0000000, 0x00000000f5580000, 0x00000000f5580000)
  object space 349696K, 100% used [0x00000000e0000000,0x00000000f5580000,0x00000000f5580000)
 Metaspace       used 64330K, committed 65408K, reserved 1114112K
  class space    used 6317K, committed 6784K, reserved 1048576K
}
Event: 1079.089 GC heap before
{Heap before GC invocations=799 (full 663):
 PSYoungGen      total 34304K, used 25088K [0x00000000f5580000, 0x00000000f8b00000, 0x0000000100000000)
  eden space 25088K, 100% used [0x00000000f5580000,0x00000000f6e00000,0x00000000f6e00000)
  from space 9216K, 0% used [0x00000000f6e00000,0x00000000f6e00000,0x00000000f7700000)
  to   space 12800K, 0% used [0x00000000f7e80000,0x00000000f7e80000,0x00000000f8b00000)
 ParOldGen       total 349696K, used 349696K [0x00000000e0000000, 0x00000000f5580000, 0x00000000f5580000)
  object space 349696K, 100% used [0x00000000e0000000,0x00000000f5580000,0x00000000f5580000)
 Metaspace       used 64330K, committed 65408K, reserved 1114112K
  class space    used 6317K, committed 6784K, reserved 1048576K
}
Event: 1080.978 GC heap after
{Heap after GC invocations=799 (full 663):
 PSYoungGen      total 37888K, used 25088K [0x00000000f5580000, 0x00000000f8b00000, 0x0000000100000000)
  eden space 25088K, 100% used [0x00000000f5580000,0x00000000f6e00000,0x00000000f6e00000)
  from space 12800K, 0% used [0x00000000f7e80000,0x00000000f7e80000,0x00000000f8b00000)
  to   space 9216K, 0% used [0x00000000f6e00000,0x00000000f6e00000,0x00000000f7700000)
 ParOldGen       total 349696K, used 349694K [0x00000000e0000000, 0x00000000f5580000, 0x00000000f5580000)
  object space 349696K, 99% used [0x00000000e0000000,0x00000000f557fa60,0x00000000f5580000)
 Metaspace       used 64330K, committed 65408K, reserved 1114112K
  class space    used 6317K, committed 6784K, reserved 1048576K
}
Event: 1080.979 GC heap before
{Heap before GC invocations=800 (full 664):
 PSYoungGen      total 37888K, used 25088K [0x00000000f5580000, 0x00000000f8b00000, 0x0000000100000000)
  eden space 25088K, 100% used [0x00000000f5580000,0x00000000f6e00000,0x00000000f6e00000)
  from space 12800K, 0% used [0x00000000f7e80000,0x00000000f7e80000,0x00000000f8b00000)
  to   space 9216K, 0% used [0x00000000f6e00000,0x00000000f6e00000,0x00000000f7700000)
 ParOldGen       total 349696K, used 349694K [0x00000000e0000000, 0x00000000f5580000, 0x00000000f5580000)
  object space 349696K, 99% used [0x00000000e0000000,0x00000000f557fb40,0x00000000f5580000)
 Metaspace       used 64330K, committed 65408K, reserved 1114112K
  class space    used 6317K, committed 6784K, reserved 1048576K
}
Event: 1082.702 GC heap after
{Heap after GC invocations=800 (full 664):
 PSYoungGen      total 34304K, used 25087K [0x00000000f5580000, 0x00000000f8b00000, 0x0000000100000000)
  eden space 25088K, 99% used [0x00000000f5580000,0x00000000f6dfffe0,0x00000000f6e00000)
  from space 9216K, 0% used [0x00000000f6e00000,0x00000000f6e00000,0x00000000f7700000)
  to   space 12800K, 0% used [0x00000000f7e80000,0x00000000f7e80000,0x00000000f8b00000)
 ParOldGen       total 349696K, used 349694K [0x00000000e0000000, 0x00000000f5580000, 0x00000000f5580000)
  object space 349696K, 99% used [0x00000000e0000000,0x00000000f557fa18,0x00000000f5580000)
 Metaspace       used 64330K, committed 65408K, reserved 1114112K
  class space    used 6317K, committed 6784K, reserved 1048576K
}
Event: 1082.704 GC heap before
{Heap before GC invocations=801 (full 665):
 PSYoungGen      total 34304K, used 25087K [0x00000000f5580000, 0x00000000f8b00000, 0x0000000100000000)
  eden space 25088K, 99% used [0x00000000f5580000,0x00000000f6dffff8,0x00000000f6e00000)
  from space 9216K, 0% used [0x00000000f6e00000,0x00000000f6e00000,0x00000000f7700000)
  to   space 12800K, 0% used [0x00000000f7e80000,0x00000000f7e80000,0x00000000f8b00000)
 ParOldGen       total 349696K, used 349694K [0x00000000e0000000, 0x00000000f5580000, 0x00000000f5580000)
  object space 349696K, 99% used [0x00000000e0000000,0x00000000f557fa18,0x00000000f5580000)
 Metaspace       used 64330K, committed 65408K, reserved 1114112K
  class space    used 6317K, committed 6784K, reserved 1048576K
}
Event: 1084.395 GC heap after
{Heap after GC invocations=801 (full 665):
 PSYoungGen      total 37888K, used 25087K [0x00000000f5580000, 0x00000000f8b00000, 0x0000000100000000)
  eden space 25088K, 99% used [0x00000000f5580000,0x00000000f6dffff8,0x00000000f6e00000)
  from space 12800K, 0% used [0x00000000f7e80000,0x00000000f7e80000,0x00000000f8b00000)
  to   space 9216K, 0% used [0x00000000f6e00000,0x00000000f6e00000,0x00000000f7700000)
 ParOldGen       total 349696K, used 349694K [0x00000000e0000000, 0x00000000f5580000, 0x00000000f5580000)
  object space 349696K, 99% used [0x00000000e0000000,0x00000000f557f9e8,0x00000000f5580000)
 Metaspace       used 64330K, committed 65408K, reserved 1114112K
  class space    used 6317K, committed 6784K, reserved 1048576K
}
Event: 1084.397 GC heap before
{Heap before GC invocations=802 (full 666):
 PSYoungGen      total 37888K, used 25087K [0x00000000f5580000, 0x00000000f8b00000, 0x0000000100000000)
  eden space 25088K, 99% used [0x00000000f5580000,0x00000000f6dffff8,0x00000000f6e00000)
  from space 12800K, 0% used [0x00000000f7e80000,0x00000000f7e80000,0x00000000f8b00000)
  to   space 9216K, 0% used [0x00000000f6e00000,0x00000000f6e00000,0x00000000f7700000)
 ParOldGen       total 349696K, used 349695K [0x00000000e0000000, 0x00000000f5580000, 0x00000000f5580000)
  object space 349696K, 99% used [0x00000000e0000000,0x00000000f557fff8,0x00000000f5580000)
 Metaspace       used 64330K, committed 65408K, reserved 1114112K
  class space    used 6317K, committed 6784K, reserved 1048576K
}
Event: 1086.120 GC heap after
{Heap after GC invocations=802 (full 666):
 PSYoungGen      total 34304K, used 25087K [0x00000000f5580000, 0x00000000f8b00000, 0x0000000100000000)
  eden space 25088K, 99% used [0x00000000f5580000,0x00000000f6dffff8,0x00000000f6e00000)
  from space 9216K, 0% used [0x00000000f6e00000,0x00000000f6e00000,0x00000000f7700000)
  to   space 12800K, 0% used [0x00000000f7e80000,0x00000000f7e80000,0x00000000f8b00000)
 ParOldGen       total 349696K, used 349695K [0x00000000e0000000, 0x00000000f5580000, 0x00000000f5580000)
  object space 349696K, 99% used [0x00000000e0000000,0x00000000f557fff8,0x00000000f5580000)
 Metaspace       used 64330K, committed 65408K, reserved 1114112K
  class space    used 6317K, committed 6784K, reserved 1048576K
}
Event: 1086.120 GC heap before
{Heap before GC invocations=803 (full 667):
 PSYoungGen      total 34304K, used 25087K [0x00000000f5580000, 0x00000000f8b00000, 0x0000000100000000)
  eden space 25088K, 99% used [0x00000000f5580000,0x00000000f6dffff8,0x00000000f6e00000)
  from space 9216K, 0% used [0x00000000f6e00000,0x00000000f6e00000,0x00000000f7700000)
  to   space 12800K, 0% used [0x00000000f7e80000,0x00000000f7e80000,0x00000000f8b00000)
 ParOldGen       total 349696K, used 349695K [0x00000000e0000000, 0x00000000f5580000, 0x00000000f5580000)
  object space 349696K, 99% used [0x00000000e0000000,0x00000000f557fff8,0x00000000f5580000)
 Metaspace       used 64330K, committed 65408K, reserved 1114112K
  class space    used 6317K, committed 6784K, reserved 1048576K
}
Event: 1087.832 GC heap after
{Heap after GC invocations=803 (full 667):
 PSYoungGen      total 37888K, used 25087K [0x00000000f5580000, 0x00000000f8b00000, 0x0000000100000000)
  eden space 25088K, 99% used [0x00000000f5580000,0x00000000f6dffff8,0x00000000f6e00000)
  from space 12800K, 0% used [0x00000000f7e80000,0x00000000f7e80000,0x00000000f8b00000)
  to   space 9216K, 0% used [0x00000000f6e00000,0x00000000f6e00000,0x00000000f7700000)
 ParOldGen       total 349696K, used 349695K [0x00000000e0000000, 0x00000000f5580000, 0x00000000f5580000)
  object space 349696K, 99% used [0x00000000e0000000,0x00000000f557fff8,0x00000000f5580000)
 Metaspace       used 64330K, committed 65408K, reserved 1114112K
  class space    used 6317K, committed 6784K, reserved 1048576K
}
Event: 1087.871 GC heap before
{Heap before GC invocations=804 (full 668):
 PSYoungGen      total 37888K, used 25087K [0x00000000f5580000, 0x00000000f8b00000, 0x0000000100000000)
  eden space 25088K, 99% used [0x00000000f5580000,0x00000000f6dffff8,0x00000000f6e00000)
  from space 12800K, 0% used [0x00000000f7e80000,0x00000000f7e80000,0x00000000f8b00000)
  to   space 9216K, 0% used [0x00000000f6e00000,0x00000000f6e00000,0x00000000f7700000)
 ParOldGen       total 349696K, used 349695K [0x00000000e0000000, 0x00000000f5580000, 0x00000000f5580000)
  object space 349696K, 99% used [0x00000000e0000000,0x00000000f557fff8,0x00000000f5580000)
 Metaspace       used 64330K, committed 65408K, reserved 1114112K
  class space    used 6317K, committed 6784K, reserved 1048576K
}
Event: 1089.707 GC heap after
{Heap after GC invocations=804 (full 668):
 PSYoungGen      total 34304K, used 25087K [0x00000000f5580000, 0x00000000f8b00000, 0x0000000100000000)
  eden space 25088K, 99% used [0x00000000f5580000,0x00000000f6dffff8,0x00000000f6e00000)
  from space 9216K, 0% used [0x00000000f6e00000,0x00000000f6e00000,0x00000000f7700000)
  to   space 12800K, 0% used [0x00000000f7e80000,0x00000000f7e80000,0x00000000f8b00000)
 ParOldGen       total 349696K, used 349694K [0x00000000e0000000, 0x00000000f5580000, 0x00000000f5580000)
  object space 349696K, 99% used [0x00000000e0000000,0x00000000f557fa38,0x00000000f5580000)
 Metaspace       used 64330K, committed 65408K, reserved 1114112K
  class space    used 6317K, committed 6784K, reserved 1048576K
}
Event: 1089.708 GC heap before
{Heap before GC invocations=805 (full 669):
 PSYoungGen      total 34304K, used 25087K [0x00000000f5580000, 0x00000000f8b00000, 0x0000000100000000)
  eden space 25088K, 99% used [0x00000000f5580000,0x00000000f6dffff8,0x00000000f6e00000)
  from space 9216K, 0% used [0x00000000f6e00000,0x00000000f6e00000,0x00000000f7700000)
  to   space 12800K, 0% used [0x00000000f7e80000,0x00000000f7e80000,0x00000000f8b00000)
 ParOldGen       total 349696K, used 349695K [0x00000000e0000000, 0x00000000f5580000, 0x00000000f5580000)
  object space 349696K, 99% used [0x00000000e0000000,0x00000000f557fd70,0x00000000f5580000)
 Metaspace       used 64330K, committed 65408K, reserved 1114112K
  class space    used 6317K, committed 6784K, reserved 1048576K
}
Event: 1091.430 GC heap after
{Heap after GC invocations=805 (full 669):
 PSYoungGen      total 37888K, used 25087K [0x00000000f5580000, 0x00000000f8b00000, 0x0000000100000000)
  eden space 25088K, 99% used [0x00000000f5580000,0x00000000f6dffff8,0x00000000f6e00000)
  from space 12800K, 0% used [0x00000000f7e80000,0x00000000f7e80000,0x00000000f8b00000)
  to   space 9216K, 0% used [0x00000000f6e00000,0x00000000f6e00000,0x00000000f7700000)
 ParOldGen       total 349696K, used 349695K [0x00000000e0000000, 0x00000000f5580000, 0x00000000f5580000)
  object space 349696K, 99% used [0x00000000e0000000,0x00000000f557fcf0,0x00000000f5580000)
 Metaspace       used 64330K, committed 65408K, reserved 1114112K
  class space    used 6317K, committed 6784K, reserved 1048576K
}
Event: 1091.430 GC heap before
{Heap before GC invocations=806 (full 670):
 PSYoungGen      total 37888K, used 25087K [0x00000000f5580000, 0x00000000f8b00000, 0x0000000100000000)
  eden space 25088K, 99% used [0x00000000f5580000,0x00000000f6dffff8,0x00000000f6e00000)
  from space 12800K, 0% used [0x00000000f7e80000,0x00000000f7e80000,0x00000000f8b00000)
  to   space 9216K, 0% used [0x00000000f6e00000,0x00000000f6e00000,0x00000000f7700000)
 ParOldGen       total 349696K, used 349695K [0x00000000e0000000, 0x00000000f5580000, 0x00000000f5580000)
  object space 349696K, 99% used [0x00000000e0000000,0x00000000f557fe28,0x00000000f5580000)
 Metaspace       used 64330K, committed 65408K, reserved 1114112K
  class space    used 6317K, committed 6784K, reserved 1048576K
}
Event: 1093.211 GC heap after
{Heap after GC invocations=806 (full 670):
 PSYoungGen      total 34304K, used 25087K [0x00000000f5580000, 0x00000000f8b00000, 0x0000000100000000)
  eden space 25088K, 99% used [0x00000000f5580000,0x00000000f6dffff8,0x00000000f6e00000)
  from space 9216K, 0% used [0x00000000f6e00000,0x00000000f6e00000,0x00000000f7700000)
  to   space 12800K, 0% used [0x00000000f7e80000,0x00000000f7e80000,0x00000000f8b00000)
 ParOldGen       total 349696K, used 349695K [0x00000000e0000000, 0x00000000f5580000, 0x00000000f5580000)
  object space 349696K, 99% used [0x00000000e0000000,0x00000000f557fcf0,0x00000000f5580000)
 Metaspace       used 64330K, committed 65408K, reserved 1114112K
  class space    used 6317K, committed 6784K, reserved 1048576K
}
Event: 1093.211 GC heap before
{Heap before GC invocations=807 (full 671):
 PSYoungGen      total 34304K, used 25087K [0x00000000f5580000, 0x00000000f8b00000, 0x0000000100000000)
  eden space 25088K, 99% used [0x00000000f5580000,0x00000000f6dffff8,0x00000000f6e00000)
  from space 9216K, 0% used [0x00000000f6e00000,0x00000000f6e00000,0x00000000f7700000)
  to   space 12800K, 0% used [0x00000000f7e80000,0x00000000f7e80000,0x00000000f8b00000)
 ParOldGen       total 349696K, used 349695K [0x00000000e0000000, 0x00000000f5580000, 0x00000000f5580000)
  object space 349696K, 99% used [0x00000000e0000000,0x00000000f557fcf0,0x00000000f5580000)
 Metaspace       used 64330K, committed 65408K, reserved 1114112K
  class space    used 6317K, committed 6784K, reserved 1048576K
}
Event: 1095.004 GC heap after
{Heap after GC invocations=807 (full 671):
 PSYoungGen      total 37888K, used 25087K [0x00000000f5580000, 0x00000000f8b00000, 0x0000000100000000)
  eden space 25088K, 99% used [0x00000000f5580000,0x00000000f6dffff8,0x00000000f6e00000)
  from space 12800K, 0% used [0x00000000f7e80000,0x00000000f7e80000,0x00000000f8b00000)
  to   space 9216K, 0% used [0x00000000f6e00000,0x00000000f6e00000,0x00000000f7700000)
 ParOldGen       total 349696K, used 349695K [0x00000000e0000000, 0x00000000f5580000, 0x00000000f5580000)
  object space 349696K, 99% used [0x00000000e0000000,0x00000000f557fcf0,0x00000000f5580000)
 Metaspace       used 64330K, committed 65408K, reserved 1114112K
  class space    used 6317K, committed 6784K, reserved 1048576K
}

